<?xml version="1.0" encoding="UTF-8"?>
<testng-results ignored="0" total="1" passed="1" failed="0" skipped="0">
  <reporter-output>
  </reporter-output>
  <suite started-at="2025-11-11T21:50:20 IST" name="AutomationSuite" finished-at="2025-11-11T21:50:49 IST" duration-ms="29394">
    <groups>
    </groups>
    <test started-at="2025-11-11T21:50:20 IST" name="GoogleTest" finished-at="2025-11-11T21:50:49 IST" duration-ms="29394">
      <class name="ornghrms.GoogleSearchTest">
        <test-method is-config="true" signature="setup()[pri:0, instance:ornghrms.GoogleSearchTest@49e53c76]" started-at="2025-11-11T21:50:20 IST" name="setup" finished-at="2025-11-11T21:50:21 IST" duration-ms="1801" status="PASS">
          <reporter-output>
          </reporter-output>
        </test-method> <!-- setup -->
        <test-method signature="searchSelenium()[pri:0, instance:ornghrms.GoogleSearchTest@49e53c76]" started-at="2025-11-11T21:50:21 IST" name="searchSelenium" finished-at="2025-11-11T21:50:49 IST" duration-ms="27341" status="PASS">
          <reporter-output>
          </reporter-output>
        </test-method> <!-- searchSelenium -->
        <test-method is-config="true" signature="teardown()[pri:0, instance:ornghrms.GoogleSearchTest@49e53c76]" started-at="2025-11-11T21:50:49 IST" name="teardown" finished-at="2025-11-11T21:50:49 IST" duration-ms="232" status="PASS">
          <reporter-output>
          </reporter-output>
        </test-method> <!-- teardown -->
      </class> <!-- ornghrms.GoogleSearchTest -->
    </test> <!-- GoogleTest -->
  </suite> <!-- AutomationSuite -->
</testng-results>
